Flutter crash report; please file at https://github.com/flutter/flutter/issues.

## command

flutter --quiet assemble --depfile D:\Mobile App\Flutter\BaiBua-Repo\baibuaapp\build\app\intermediates\flutter\release/flutter_build.d --output D:\Mobile App\Flutter\BaiBua-Repo\baibuaapp\build\app\intermediates\flutter\release -dTargetFile=lib\main.dart -dTargetPlatform=android -dBuildMode=release android_aot_bundle_release_android-arm android_aot_bundle_release_android-arm64 android_aot_bundle_release_android-x64

## exception

FileSystemException: FileSystemException: writeFrom failed, path = '' (OS Error: The pipe is being closed.
, errno = 232)

```
#0      _RandomAccessFile.writeFromSync (dart:io/file_impl.dart:881:7)
#1      _StdConsumer.addStream.<anonymous closure> (dart:io/stdio.dart:310:15)
#2      _rootRunUnary (dart:async/zone.dart:1134:38)
#3      _CustomZone.runUnary (dart:async/zone.dart:1031:19)
#4      _CustomZone.runUnaryGuarded (dart:async/zone.dart:933:7)
#5      _BufferingStreamSubscription._sendData (dart:async/stream_impl.dart:338:11)
#6      _BufferingStreamSubscription._add (dart:async/stream_impl.dart:265:7)
#7      _SyncStreamControllerDispatch._sendData (dart:async/stream_controller.dart:766:19)
#8      _StreamController._add (dart:async/stream_controller.dart:642:7)
#9      _StreamController.add (dart:async/stream_controller.dart:588:5)
#10     _StreamSinkImpl.add (dart:io/io_sink.dart:158:17)
#11     _IOSinkImpl.write (dart:io/io_sink.dart:291:5)
#12     _IOSinkImpl.writeln (dart:io/io_sink.dart:311:5)
#13     _StdSink.writeln (dart:io/stdio.dart:343:11)
#14     StdoutLogger.printError (package:flutter_tools/src/base/logger.dart:180:12)
#15     printError (package:flutter_tools/src/globals.dart:32:10)
#16     StdoutHandler.handler (package:flutter_tools/src/compile.dart:170:9)
#17     _rootRunUnary (dart:async/zone.dart:1134:38)
#18     _CustomZone.runUnary (dart:async/zone.dart:1031:19)
#19     _CustomZone.runUnaryGuarded (dart:async/zone.dart:933:7)
#20     _BufferingStreamSubscription._sendData (dart:async/stream_impl.dart:338:11)
#21     _BufferingStreamSubscription._add (dart:async/stream_impl.dart:265:7)
#22     _SinkTransformerStreamSubscription._add (dart:async/stream_transformers.dart:70:11)
#23     _EventSinkWrapper.add (dart:async/stream_transformers.dart:17:11)
#24     _StringAdapterSink.add (dart:convert/string_conversion.dart:238:11)
#25     _LineSplitterSink._addLines (dart:convert/line_splitter.dart:152:13)
#26     _LineSplitterSink.addSlice (dart:convert/line_splitter.dart:127:5)
#27     StringConversionSinkMixin.add (dart:convert/string_conversion.dart:165:5)
#28     _SinkTransformerStreamSubscription._handleData (dart:async/stream_transformers.dart:122:24)
#29     _rootRunUnary (dart:async/zone.dart:1134:38)
#30     _CustomZone.runUnary (dart:async/zone.dart:1031:19)
#31     _CustomZone.runUnaryGuarded (dart:async/zone.dart:933:7)
#32     _BufferingStreamSubscription._sendData (dart:async/stream_impl.dart:338:11)
#33     _BufferingStreamSubscription._add (dart:async/stream_impl.dart:265:7)
#34     _SinkTransformerStreamSubscription._add (dart:async/stream_transformers.dart:70:11)
#35     _EventSinkWrapper.add (dart:async/stream_transformers.dart:17:11)
#36     _StringAdapterSink.add (dart:convert/string_conversion.dart:238:11)
#37     _StringAdapterSink.addSlice (dart:convert/string_conversion.dart:243:7)
#38     _Utf8ConversionSink.addSlice (dart:convert/string_conversion.dart:314:20)
#39     _Utf8ConversionSink.add (dart:convert/string_conversion.dart:307:5)
#40     _ConverterStreamEventSink.add (dart:convert/chunked_conversion.dart:74:18)
#41     _SinkTransformerStreamSubscription._handleData (dart:async/stream_transformers.dart:122:24)
#42     _rootRunUnary (dart:async/zone.dart:1134:38)
#43     _CustomZone.runUnary (dart:async/zone.dart:1031:19)
#44     _CustomZone.runUnaryGuarded (dart:async/zone.dart:933:7)
#45     _BufferingStreamSubscription._sendData (dart:async/stream_impl.dart:338:11)
#46     _BufferingStreamSubscription._add (dart:async/stream_impl.dart:265:7)
#47     _SyncStreamControllerDispatch._sendData (dart:async/stream_controller.dart:766:19)
#48     _StreamController._add (dart:async/stream_controller.dart:642:7)
#49     _StreamController.add (dart:async/stream_controller.dart:588:5)
#50     _Socket._onData (dart:io-patch/socket_patch.dart:1831:41)
#51     _rootRunUnary (dart:async/zone.dart:1138:13)
#52     _CustomZone.runUnary (dart:async/zone.dart:1031:19)
#53     _CustomZone.runUnaryGuarded (dart:async/zone.dart:933:7)
#54     _BufferingStreamSubscription._sendData (dart:async/stream_impl.dart:338:11)
#55     _BufferingStreamSubscription._add (dart:async/stream_impl.dart:265:7)
#56     _SyncStreamControllerDispatch._sendData (dart:async/stream_controller.dart:766:19)
#57     _StreamController._add (dart:async/stream_controller.dart:642:7)
#58     _StreamController.add (dart:async/stream_controller.dart:588:5)
#59     new _RawSocket.<anonymous closure> (dart:io-patch/socket_patch.dart:1379:33)
#60     _NativeSocket.issueReadEvent.issue (dart:io-patch/socket_patch.dart:899:14)
#61     _microtaskLoop (dart:async/schedule_microtask.dart:43:21)
#62     _startMicrotaskLoop (dart:async/schedule_microtask.dart:52:5)
#63     _runPendingImmediateCallback (dart:isolate-patch/isolate_patch.dart:118:13)
#64     _RawReceivePortImpl._handleMessage (dart:isolate-patch/isolate_patch.dart:175:5)
```

## flutter doctor

```
[✓] Flutter (Channel stable, v1.12.13+hotfix.7, on Microsoft Windows [Version 10.0.18363.592], locale th-TH)
    • Flutter version 1.12.13+hotfix.7 at C:\flutter
    • Framework revision 9f5ff2306b (2 days ago), 2020-01-26 22:38:26 -0800
    • Engine revision a67792536c
    • Dart version 2.7.0

[✓] Android toolchain - develop for Android devices (Android SDK version 29.0.2)
    • Android SDK at C:\Users\PawanachaiSeeruesang\AppData\Local\Android\sdk
    • Android NDK location not configured (optional; useful for native profiling support)
    • Platform android-29, build-tools 29.0.2
    • Java binary at: C:\Program Files\Android\Android Studio\jre\bin\java
    • Java version OpenJDK Runtime Environment (build 1.8.0_202-release-1483-b03)
    • All Android licenses accepted.

[✓] Android Studio (version 3.5)
    • Android Studio at C:\Program Files\Android\Android Studio
    • Flutter plugin version 42.1.1
    • Dart plugin version 191.8593
    • Java version OpenJDK Runtime Environment (build 1.8.0_202-release-1483-b03)

[✓] VS Code (version 1.41.1)
    • VS Code at C:\Users\PawanachaiSeeruesang\AppData\Local\Programs\Microsoft VS Code
    • Flutter extension version 3.7.1

[✓] Connected device (1 available)
    • Samsung Galaxy S10 • 192.168.218.103:5555 • android-x86 • Android 9 (API 28)

• No issues found!
```
